<?xml version="1.0" encoding="UTF-8"?>
<!-- Generated by org.testng.reporters.JUnitReportReporter -->
<testsuite hostname="LAPTOP-EQI03QJN" failures="0" tests="2" name="com.careerhack.runners.SmokeTestRunner" time="0.099" errors="0" timestamp="04 Jul 2022 18:27:21 GMT" skipped="0">
  <testcase classname="com.careerhack.runners.SmokeTestRunner" name="runScenario" time="0.090"/>
  <testcase classname="com.careerhack.runners.SmokeTestRunner" name="runScenario" time="0.009"/>
</testsuite> <!-- com.careerhack.runners.SmokeTestRunner -->
