<?xml version="1.0" encoding="UTF-8"?>
<!-- Generated by org.testng.reporters.JUnitReportReporter -->
<testsuite hostname="LAPTOP-EQI03QJN" failures="0" tests="2" name="com.careerhack.runners.SmokeTestRunner" time="0.079" errors="0" timestamp="03 Jul 2022 19:17:41 GMT" skipped="0">
  <testcase classname="com.careerhack.runners.SmokeTestRunner" name="runScenario" time="0.006"/>
  <testcase classname="com.careerhack.runners.SmokeTestRunner" name="runScenario" time="0.073"/>
</testsuite> <!-- com.careerhack.runners.SmokeTestRunner -->
